c:\users\han.glschool\desktop\hoangcuong\trainingframework_2\sdl\x64\release\vc143.pdb
c:\users\han.glschool\desktop\hoangcuong\trainingframework_2\sdl\x64\release\playerstatemachine.obj
c:\users\han.glschool\desktop\hoangcuong\trainingframework_2\sdl\x64\release\playerstatebase.obj
c:\users\han.glschool\desktop\hoangcuong\trainingframework_2\sdl\x64\release\nhay_chem.obj
c:\users\han.glschool\desktop\hoangcuong\trainingframework_2\sdl\x64\release\jump.obj
c:\users\han.glschool\desktop\hoangcuong\trainingframework_2\sdl\x64\release\idle.obj
c:\users\han.glschool\desktop\hoangcuong\trainingframework_2\sdl\x64\release\defend.obj
c:\users\han.glschool\desktop\hoangcuong\trainingframework_2\sdl\x64\release\dead.obj
c:\users\han.glschool\desktop\hoangcuong\trainingframework_2\sdl\x64\release\da_thap.obj
c:\users\han.glschool\desktop\hoangcuong\trainingframework_2\sdl\x64\release\da_cao.obj
c:\users\han.glschool\desktop\hoangcuong\trainingframework_2\sdl\x64\release\chem_tu_duoi.obj
c:\users\han.glschool\desktop\hoangcuong\trainingframework_2\sdl\x64\release\chem_thap.obj
c:\users\han.glschool\desktop\hoangcuong\trainingframework_2\sdl\x64\release\chem_cao.obj
c:\users\han.glschool\desktop\hoangcuong\trainingframework_2\sdl\x64\release\chem_co_ban.obj
c:\users\han.glschool\desktop\hoangcuong\trainingframework_2\sdl\x64\release\mousebutton.obj
c:\users\han.glschool\desktop\hoangcuong\trainingframework_2\sdl\x64\release\fighter.obj
c:\users\han.glschool\desktop\hoangcuong\trainingframework_2\sdl\x64\release\dot.obj
c:\users\han.glschool\desktop\hoangcuong\trainingframework_2\sdl\x64\release\cmath.obj
c:\users\han.glschool\desktop\hoangcuong\trainingframework_2\sdl\x64\release\camera.obj
c:\users\han.glschool\desktop\hoangcuong\trainingframework_2\sdl\x64\release\resourcemanagers.obj
c:\users\han.glschool\desktop\hoangcuong\trainingframework_2\sdl\x64\release\game.obj
c:\users\han.glschool\desktop\hoangcuong\trainingframework_2\sdl\x64\release\main.obj
c:\users\han.glschool\desktop\hoangcuong\trainingframework_2\sdl\x64\release\gsrestart.obj
c:\users\han.glschool\desktop\hoangcuong\trainingframework_2\sdl\x64\release\gsplay.obj
c:\users\han.glschool\desktop\hoangcuong\trainingframework_2\sdl\x64\release\gsmenu.obj
c:\users\han.glschool\desktop\hoangcuong\trainingframework_2\sdl\x64\release\gsintro.obj
c:\users\han.glschool\desktop\hoangcuong\trainingframework_2\sdl\x64\release\gshelp.obj
c:\users\han.glschool\desktop\hoangcuong\trainingframework_2\sdl\x64\release\gamestatemachine.obj
c:\users\han.glschool\desktop\hoangcuong\trainingframework_2\sdl\x64\release\gamestatebase.obj
c:\users\han.glschool\desktop\hoangcuong\trainingframework_2\sdl\x64\release\timer.obj
c:\users\han.glschool\desktop\hoangcuong\trainingframework_2\sdl\x64\release\texturemanager.obj
c:\users\han.glschool\desktop\hoangcuong\trainingframework_2\sdl\x64\release\text.obj
c:\users\han.glschool\desktop\hoangcuong\trainingframework_2\sdl\x64\release\spriteanimation.obj
c:\users\han.glschool\desktop\hoangcuong\trainingframework_2\sdl\x64\release\sprite2d.obj
c:\users\han.glschool\desktop\hoangcuong\trainingframework_2\sdl\x64\release\sound.obj
c:\users\han.glschool\desktop\hoangcuong\trainingframework_2\sdl\x64\release\renderer.obj
c:\users\han.glschool\desktop\hoangcuong\trainingframework_2\sdl\x64\release\walk_forward.obj
c:\users\han.glschool\desktop\hoangcuong\trainingframework_2\sdl\x64\release\walk_backward.obj
c:\users\han.glschool\desktop\hoangcuong\trainingframework_2\sdl\x64\release\trungchieu.obj
c:\users\han.glschool\desktop\hoangcuong\trainingframework_2\sdl\x64\release\run_forward.obj
c:\users\han.glschool\desktop\hoangcuong\trainingframework_2\sdl\x64\release\run_backward.obj
c:\users\han.glschool\desktop\hoangcuong\trainingframework_2\x64\release\sdl.exe
c:\users\han.glschool\desktop\hoangcuong\trainingframework_2\sdl\x64\release\sdl.ipdb
c:\users\han.glschool\desktop\hoangcuong\trainingframework_2\x64\release\sdl.pdb
c:\users\han.glschool\desktop\hoangcuong\trainingframework_2\sdl\x64\release\sdl.iobj
c:\users\han.glschool\desktop\hoangcuong\trainingframework_2\sdl\x64\release\sdl.tlog\cl.command.1.tlog
c:\users\han.glschool\desktop\hoangcuong\trainingframework_2\sdl\x64\release\sdl.tlog\cl.items.tlog
c:\users\han.glschool\desktop\hoangcuong\trainingframework_2\sdl\x64\release\sdl.tlog\cl.read.1.tlog
c:\users\han.glschool\desktop\hoangcuong\trainingframework_2\sdl\x64\release\sdl.tlog\cl.write.1.tlog
c:\users\han.glschool\desktop\hoangcuong\trainingframework_2\sdl\x64\release\sdl.tlog\link.command.1.tlog
c:\users\han.glschool\desktop\hoangcuong\trainingframework_2\sdl\x64\release\sdl.tlog\link.read.1.tlog
c:\users\han.glschool\desktop\hoangcuong\trainingframework_2\sdl\x64\release\sdl.tlog\link.write.1.tlog
